<?xml version="1.0" encoding="UTF-8"?>
<!-- Generated by org.testng.reporters.JUnitReportReporter -->
<testsuite hostname="LAPTOP-096J0ECK" name="bdd.runners.RunnerClass" tests="1" failures="0" timestamp="11 Apr 2020 02:30:16 GMT" time="12.526" errors="0">
  <testcase name="feature" time="12.526" classname="bdd.runners.RunnerClass"/>
</testsuite> <!-- bdd.runners.RunnerClass -->
