<?xml version="1.0" encoding="UTF-8"?>
<!-- Generated by org.testng.reporters.JUnitReportReporter -->
<testsuite hostname="LAPTOP-096J0ECK" name="bdd.runners.RunnerClass" tests="2" failures="0" timestamp="27 May 2020 23:03:16 GMT" time="120.919" errors="0">
  <testcase name="feature" time="103.028" classname="bdd.runners.RunnerClass"/>
  <testcase name="feature" time="17.891" classname="bdd.runners.RunnerClass"/>
</testsuite> <!-- bdd.runners.RunnerClass -->
