<?xml version="1.0" encoding="UTF-8"?>
<!-- Generated by org.testng.reporters.JUnitReportReporter -->
<testsuite hostname="LAPTOP-096J0ECK" name="bdd.runners.RunnerClass" tests="2" failures="0" timestamp="12 Apr 2020 02:52:27 GMT" time="29.144" errors="0">
  <testcase name="feature" time="11.785" classname="bdd.runners.RunnerClass"/>
  <testcase name="feature" time="17.359" classname="bdd.runners.RunnerClass"/>
</testsuite> <!-- bdd.runners.RunnerClass -->
